fshook   D       fshook_stdio.c:260  create_abs_path_entry            [   0.00000] Creating entry for D:\Documents\Final Project\src
fshook   D       fshook_stdio.c:260  create_abs_path_entry            [   0.00000] Creating entry for D:\Documents\Final Project\src\Allegro5Exception.cpp
fshook   D       fshook_stdio.c:260  create_abs_path_entry            [   0.00000] Creating entry for D:\Documents\Final Project\src\AudioHelper.cpp
fshook   D       fshook_stdio.c:260  create_abs_path_entry            [   0.00000] Creating entry for D:\Documents\Final Project\src\Bullet
fshook   D       fshook_stdio.c:260  create_abs_path_entry            [   0.00000] Creating entry for D:\Documents\Final Project\src\Collider.cpp
fshook   D       fshook_stdio.c:260  create_abs_path_entry            [   0.00000] Creating entry for D:\Documents\Final Project\src\FileHelper.cpp
fshook   D       fshook_stdio.c:260  create_abs_path_entry            [   0.00000] Creating entry for D:\Documents\Final Project\src\GameEngine.cpp
fshook   D       fshook_stdio.c:260  create_abs_path_entry            [   0.00000] Creating entry for D:\Documents\Final Project\src\Group.cpp
fshook   D       fshook_stdio.c:260  create_abs_path_entry            [   0.00000] Creating entry for D:\Documents\Final Project\src\IControl.cpp
fshook   D       fshook_stdio.c:260  create_abs_path_entry            [   0.00000] Creating entry for D:\Documents\Final Project\src\Image.cpp
fshook   D       fshook_stdio.c:260  create_abs_path_entry            [   0.00000] Creating entry for D:\Documents\Final Project\src\ImageButton.cpp
fshook   D       fshook_stdio.c:260  create_abs_path_entry            [   0.00000] Creating entry for D:\Documents\Final Project\src\IObject.cpp
fshook   D       fshook_stdio.c:260  create_abs_path_entry            [   0.00000] Creating entry for D:\Documents\Final Project\src\IScene.cpp
fshook   D       fshook_stdio.c:260  create_abs_path_entry            [   0.00000] Creating entry for D:\Documents\Final Project\src\Label.cpp
fshook   D       fshook_stdio.c:260  create_abs_path_entry            [   0.00000] Creating entry for D:\Documents\Final Project\src\LOG.cpp
fshook   D       fshook_stdio.c:260  create_abs_path_entry            [   0.00000] Creating entry for D:\Documents\Final Project\src\main.cpp
fshook   D       fshook_stdio.c:260  create_abs_path_entry            [   0.00000] Creating entry for D:\Documents\Final Project\src\Point.cpp
fshook   D       fshook_stdio.c:260  create_abs_path_entry            [   0.00000] Creating entry for D:\Documents\Final Project\src\Resources.cpp
fshook   D       fshook_stdio.c:260  create_abs_path_entry            [   0.00000] Creating entry for D:\Documents\Final Project\src\Scene
fshook   D       fshook_stdio.c:260  create_abs_path_entry            [   0.00000] Creating entry for D:\Documents\Final Project\src\Slider.cpp
fshook   D       fshook_stdio.c:260  create_abs_path_entry            [   0.00000] Creating entry for D:\Documents\Final Project\src\Sprite.cpp
